Started GET "/" for 127.0.0.1 at 2017-06-24 14:16:56 -0700
Processing by Rails::WelcomeController#index as HTML
  Rendering /usr/local/lib/ruby/gems/2.4.0/gems/railties-5.1.1/lib/rails/templates/rails/welcome/index.html.erb
  Rendered /usr/local/lib/ruby/gems/2.4.0/gems/railties-5.1.1/lib/rails/templates/rails/welcome/index.html.erb (2.6ms)
Completed 200 OK in 221ms (Views: 6.8ms)


Started GET "/" for 127.0.0.1 at 2017-06-24 14:17:11 -0700
Processing by WelcomeController#index as HTML
  Rendering welcome/index.html.erb within layouts/application
  Rendered welcome/index.html.erb within layouts/application (0.5ms)
Completed 200 OK in 1193ms (Views: 1188.5ms)


Started GET "/" for 127.0.0.1 at 2017-06-24 14:22:28 -0700
Processing by WelcomeController#index as HTML
  Rendering welcome/index.html.erb within layouts/application
  Rendered welcome/index.html.erb within layouts/application (1.4ms)
Completed 200 OK in 159ms (Views: 148.3ms)


Started GET "/" for 127.0.0.1 at 2017-06-24 14:22:29 -0700
Processing by WelcomeController#index as HTML
  Rendering welcome/index.html.erb within layouts/application
  Rendered welcome/index.html.erb within layouts/application (13.6ms)
Completed 200 OK in 117ms (Views: 115.2ms)


Started GET "/welcome/sample" for 127.0.0.1 at 2017-06-24 15:09:18 -0700
  
ActionController::RoutingError (No route matches [GET] "/welcome/sample"):
  
actionpack (5.1.1) lib/action_dispatch/middleware/debug_exceptions.rb:63:in `call'
web-console (3.5.1) lib/web_console/middleware.rb:135:in `call_app'
web-console (3.5.1) lib/web_console/middleware.rb:28:in `block in call'
web-console (3.5.1) lib/web_console/middleware.rb:18:in `catch'
web-console (3.5.1) lib/web_console/middleware.rb:18:in `call'
actionpack (5.1.1) lib/action_dispatch/middleware/show_exceptions.rb:31:in `call'
railties (5.1.1) lib/rails/rack/logger.rb:36:in `call_app'
railties (5.1.1) lib/rails/rack/logger.rb:24:in `block in call'
activesupport (5.1.1) lib/active_support/tagged_logging.rb:69:in `block in tagged'
activesupport (5.1.1) lib/active_support/tagged_logging.rb:26:in `tagged'
activesupport (5.1.1) lib/active_support/tagged_logging.rb:69:in `tagged'
railties (5.1.1) lib/rails/rack/logger.rb:24:in `call'
sprockets-rails (3.2.0) lib/sprockets/rails/quiet_assets.rb:13:in `call'
actionpack (5.1.1) lib/action_dispatch/middleware/remote_ip.rb:79:in `call'
actionpack (5.1.1) lib/action_dispatch/middleware/request_id.rb:25:in `call'
rack (2.0.3) lib/rack/method_override.rb:22:in `call'
rack (2.0.3) lib/rack/runtime.rb:22:in `call'
activesupport (5.1.1) lib/active_support/cache/strategy/local_cache_middleware.rb:27:in `call'
actionpack (5.1.1) lib/action_dispatch/middleware/executor.rb:12:in `call'
actionpack (5.1.1) lib/action_dispatch/middleware/static.rb:125:in `call'
rack (2.0.3) lib/rack/sendfile.rb:111:in `call'
railties (5.1.1) lib/rails/engine.rb:522:in `call'
puma (3.9.1) lib/puma/configuration.rb:224:in `call'
puma (3.9.1) lib/puma/server.rb:602:in `handle_request'
puma (3.9.1) lib/puma/server.rb:435:in `process_client'
puma (3.9.1) lib/puma/server.rb:299:in `block in run'
puma (3.9.1) lib/puma/thread_pool.rb:120:in `block in spawn_thread'
Started GET "/welcome/sample" for 127.0.0.1 at 2017-06-24 15:11:16 -0700
  
NameError (undefined local variable or method `via' for #<ActionDispatch::Routing::Mapper:0x007f67806de888>):
  
config/routes.rb:3:in `block in <top (required)>'
config/routes.rb:1:in `<top (required)>'
DEPRECATION WARNING: Using a dynamic :controller segment in a route is deprecated and will be removed in Rails 5.2. (called from block in <top (required)> at /home/zhen/Documents/SampleApp/config/routes.rb:3)
DEPRECATION WARNING: Using a dynamic :action segment in a route is deprecated and will be removed in Rails 5.2. (called from block in <top (required)> at /home/zhen/Documents/SampleApp/config/routes.rb:3)
DEPRECATION WARNING: Using a dynamic :controller segment in a route is deprecated and will be removed in Rails 5.2. (called from block in <top (required)> at /home/zhen/Documents/SampleApp/config/routes.rb:3)
DEPRECATION WARNING: Using a dynamic :action segment in a route is deprecated and will be removed in Rails 5.2. (called from block in <top (required)> at /home/zhen/Documents/SampleApp/config/routes.rb:3)
Started GET "/welcome/sample" for 127.0.0.1 at 2017-06-24 15:13:11 -0700
DEPRECATION WARNING: Using a dynamic :controller segment in a route is deprecated and will be removed in Rails 5.2. (called from block in <top (required)> at /home/zhen/Documents/SampleApp/config/routes.rb:3)
DEPRECATION WARNING: Using a dynamic :action segment in a route is deprecated and will be removed in Rails 5.2. (called from block in <top (required)> at /home/zhen/Documents/SampleApp/config/routes.rb:3)
Processing by WelcomeController#sample as HTML
  Rendering welcome/sample.html.erb within layouts/application
  Rendered welcome/sample.html.erb within layouts/application (0.5ms)
Completed 200 OK in 121ms (Views: 119.1ms)


DEPRECATION WARNING: Using a dynamic :controller segment in a route is deprecated and will be removed in Rails 5.2. (called from block in <top (required)> at /home/zhen/Documents/SampleApp/config/routes.rb:3)
DEPRECATION WARNING: Using a dynamic :action segment in a route is deprecated and will be removed in Rails 5.2. (called from block in <top (required)> at /home/zhen/Documents/SampleApp/config/routes.rb:3)
Started GET "/" for 127.0.0.1 at 2017-06-24 16:22:58 -0700
Processing by WelcomeController#index as HTML
  Rendering welcome/index.html.erb within layouts/application
  Rendered welcome/index.html.erb within layouts/application (2.1ms)
Completed 200 OK in 719ms (Views: 295.5ms)


Started GET "/welcome/sample" for 127.0.0.1 at 2017-06-24 16:23:06 -0700
Processing by WelcomeController#sample as HTML
  Rendering welcome/sample.html.erb within layouts/application
  Rendered welcome/sample.html.erb within layouts/application (0.4ms)
Completed 200 OK in 61ms (Views: 59.8ms)


Started GET "/welcome/sample" for 127.0.0.1 at 2017-06-24 16:45:38 -0700
Processing by WelcomeController#sample as HTML
  Rendering welcome/sample.html.erb within layouts/application
  Rendered welcome/sample.html.erb within layouts/application (0.8ms)
Completed 200 OK in 90ms (Views: 88.3ms)


